<?xml version="1.0" encoding="UTF-8"?>
<!-- Generated by org.testng.reporters.JUnitXMLReporter -->
<testsuite ignored="0" hostname="DESKTOP-N47010M" failures="0" tests="3" name="SeleniumTesting" time="91.43" errors="0" timestamp="2022-07-07T19:32:19 IST">
  <testcase classname="TestSuites.beCognizant" name="loginPage" time="28.588"/>
  <testcase classname="TestSuites.beCognizant" name="userNameVerification" time="26.824"/>
  <testcase classname="TestSuites.beCognizant" name="captureHeader" time="32.842"/>
</testsuite> <!-- SeleniumTesting -->
