<?xml version="1.0" encoding="UTF-8"?>
<testng-results ignored="0" total="3" passed="3" failed="0" skipped="0">
  <reporter-output>
  </reporter-output>
  <suite started-at="2022-07-07T19:30:48 IST" name="Main Project" finished-at="2022-07-07T19:32:19 IST" duration-ms="91430">
    <groups>
    </groups>
    <test started-at="2022-07-07T19:30:48 IST" name="SeleniumTesting" finished-at="2022-07-07T19:32:19 IST" duration-ms="91430">
      <class name="TestSuites.beCognizant">
        <test-method is-config="true" signature="invokeBrowser()[pri:0, instance:TestSuites.beCognizant@6c779568]" started-at="2022-07-07T19:30:48 IST" name="invokeBrowser" finished-at="2022-07-07T19:30:50 IST" duration-ms="2039" status="PASS">
          <reporter-output>
          </reporter-output>
        </test-method> <!-- invokeBrowser -->
        <test-method signature="loginPage()[pri:0, instance:TestSuites.beCognizant@6c779568]" started-at="2022-07-07T19:30:50 IST" name="loginPage" finished-at="2022-07-07T19:31:18 IST" duration-ms="28588" status="PASS">
          <reporter-output>
          </reporter-output>
        </test-method> <!-- loginPage -->
        <test-method signature="userNameVerification()[pri:1, instance:TestSuites.beCognizant@6c779568]" started-at="2022-07-07T19:31:18 IST" name="userNameVerification" finished-at="2022-07-07T19:31:45 IST" duration-ms="26824" status="PASS">
          <reporter-output>
          </reporter-output>
        </test-method> <!-- userNameVerification -->
        <test-method signature="captureHeader()[pri:2, instance:TestSuites.beCognizant@6c779568]" started-at="2022-07-07T19:31:45 IST" name="captureHeader" finished-at="2022-07-07T19:32:18 IST" duration-ms="32842" status="PASS">
          <reporter-output>
          </reporter-output>
        </test-method> <!-- captureHeader -->
        <test-method is-config="true" signature="quitBrowser()[pri:0, instance:TestSuites.beCognizant@6c779568]" started-at="2022-07-07T19:32:18 IST" name="quitBrowser" finished-at="2022-07-07T19:32:19 IST" duration-ms="1078" status="PASS">
          <reporter-output>
          </reporter-output>
        </test-method> <!-- quitBrowser -->
      </class> <!-- TestSuites.beCognizant -->
    </test> <!-- SeleniumTesting -->
  </suite> <!-- Main Project -->
</testng-results>
